[2022-01-26 10:30:08 : INFO] - Could not find file for image: ID=19051, file=/var/www/html/wp-content/uploads/2015/04/ørjan.jpg 
[2022-01-26 10:30:08 : INFO] - Could not find file for image: ID=19050, file=/var/www/html/wp-content/uploads/2013/12/aÌŠsmund.jpg 
[2022-01-26 10:30:08 : INFO] - Could not find file for image: ID=1900, file=/var/www/html/wp-content/uploads/2012/09/øysteinmedkake.jpg 
[2022-01-26 10:31:50 : INFO] - Re_Smush_It_Task server status: Online 
[2022-01-26 10:31:54 : INFO] - Processing task with ID : 1, and type 'smush' 
[2022-01-26 10:31:54 : INFO] - Processing task with ID : 1, and type 'smush' 
[2022-01-26 10:31:55 : INFO] - Re_Smush_It_Task - attachment ID : 18152, started on : January 26, 2022 10:31:52 
[2022-01-26 10:31:55 : INFO] - Re_Smush_It_Task - attachment ID : 18152, started on : January 26, 2022 10:31:52 
[2022-01-26 10:31:55 : INFO] - 75 
[2022-01-26 10:31:55 : INFO] - 75 
[2022-01-26 10:31:56 : INFO] - Backing up the original image - 2006/03/tor_stor-updraft-pre-smush-original.jpg 
[2022-01-26 10:31:56 : INFO] - Backing up the original image - 2006/03/tor_stor-updraft-pre-smush-original.jpg 
[2022-01-26 10:31:56 : INFO] - Re_Smush_It_Task - attachment ID : 18152, started on : January 26, 2022 10:31:52 
[2022-01-26 10:31:56 : INFO] - Re_Smush_It_Task - attachment ID : 18152, started on : January 26, 2022 10:31:52 
[2022-01-26 10:31:56 : INFO] - 75 
[2022-01-26 10:31:56 : INFO] - 75 
[2022-01-26 10:31:57 : INFO] - Re_Smush_It_Task - attachment ID : 18152, started on : January 26, 2022 10:31:52 
[2022-01-26 10:31:57 : INFO] - Re_Smush_It_Task - attachment ID : 18152, started on : January 26, 2022 10:31:52 
[2022-01-26 10:31:57 : INFO] - 75 
[2022-01-26 10:31:57 : INFO] - 75 
[2022-01-26 10:31:59 : INFO] - Successfully optimized the image - /var/www/html/wp-content/uploads/2006/03/tor_stor.jpg.The file was compressed from 51.23 KB to 33.18 KB saving 35.24 percent using WP-Optimize 
[2022-01-26 10:31:59 : INFO] - Successfully optimized the image - /var/www/html/wp-content/uploads/2006/03/tor_stor.jpg.The file was compressed from 51.23 KB to 33.18 KB saving 35.24 percent using WP-Optimize 
[2022-01-26 10:31:59 : INFO] - Completed processing task with ID : 1, and type 'smush' 
[2022-01-26 10:31:59 : INFO] - Completed processing task with ID : 1, and type 'smush' 
[2022-01-26 10:32:44 : INFO] - Could not find file for image: ID=19051, file=/var/www/html/wp-content/uploads/2015/04/ørjan.jpg 
[2022-01-26 10:32:44 : INFO] - Could not find file for image: ID=19050, file=/var/www/html/wp-content/uploads/2013/12/aÌŠsmund.jpg 
[2022-01-26 10:32:44 : INFO] - Could not find file for image: ID=1900, file=/var/www/html/wp-content/uploads/2012/09/øysteinmedkake.jpg 
[2022-01-26 10:33:31 : INFO] - Could not find file for image: ID=19051, file=/var/www/html/wp-content/uploads/2015/04/ørjan.jpg 
[2022-01-26 10:33:31 : INFO] - Could not find file for image: ID=19050, file=/var/www/html/wp-content/uploads/2013/12/aÌŠsmund.jpg 
[2022-01-26 10:33:31 : INFO] - Could not find file for image: ID=1900, file=/var/www/html/wp-content/uploads/2012/09/øysteinmedkake.jpg 
[2022-01-26 10:33:46 : INFO] - Could not find file for image: ID=19051, file=/var/www/html/wp-content/uploads/2015/04/ørjan.jpg 
[2022-01-26 10:33:46 : INFO] - Could not find file for image: ID=19050, file=/var/www/html/wp-content/uploads/2013/12/aÌŠsmund.jpg 
[2022-01-26 10:33:46 : INFO] - Could not find file for image: ID=1900, file=/var/www/html/wp-content/uploads/2012/09/øysteinmedkake.jpg 
[2022-03-09 08:43:37 : INFO] - Could not find file for image: ID=19051, file=/var/www/html/wp-content/uploads/2015/04/ørjan.jpg 
[2022-03-09 08:43:37 : INFO] - Could not find file for image: ID=19050, file=/var/www/html/wp-content/uploads/2013/12/aÌŠsmund.jpg 
[2022-03-09 08:43:37 : INFO] - Could not find file for image: ID=1900, file=/var/www/html/wp-content/uploads/2012/09/øysteinmedkake.jpg 
[2022-05-13 07:22:10 : INFO] - Re_Smush_It_Task with attachment ID : 20164, autocreated on : May 13, 2022 07:22:09 
